<?xml version="1.0" encoding="utf-8" ?>
<linker>
	<martin>
		<options all-modules="true" analyze-all="true" preprocess="true" />

		<type name="HebrewNumber" action="warn" />

		<method substring="System.DateTimeParse::TryParse" action="debug"/>
		<method substring="DateTimeParse::MatchHebrewDigits" action="debug"/>
		<method substring="DateTimeFormatInfo::TryParseHebrewNumber" action="debug"/>

		<conditional feature="collator" enabled="false">
			<type fullname="Mono.Globalization.Unicode.SimpleCollator" action="fail" />
			<namespace name="System.Globalization">
				<type name="CompareInfo">
					<method name="GetCollator" action="return-null" />
					<method name="get_UseManagedCollation" action="return-false" />
				</type>
			</namespace>
		</conditional>

		<features>
			<feature name="globalization" enabled="false" />
			<feature name="collator" enabled="false" />
		</features>
	</martin>
</linker>
