<?xml version="1.0" encoding="utf-8" ?>
<linker>
	<martin>
		<options all-modules="false" analyze-all="false" preprocess="true" />

		<features>
			<feature name="globalization" enabled="false" />
		</features>
	</martin>
</linker>
