<?xml version="1.0" encoding="utf-8" ?>
<linker>
	<martin>
		<options all-modules="true" analyze-all="true" preprocess="true" report-size="true" />

		<debug>
			<type name="HebrewNumber" action="fail" />
			<type name="EncodingTable" action="fail" />
		</debug>

		<features>
			<feature name="encoding" enabled="false" />
			<feature name="globalization" enabled="false" />
		</features>
	</martin>
</linker>
