<?xml version="1.0" encoding="utf-8" ?>
<linker>
	<martin>
		<options all-modules="true" analyze-all="true" preprocess="true" />

		<debug>
			<type name="HebrewNumber" action="fail" />
			<type name="System.Reflection.Emit" action="fail" />

			<method substring="System.DateTimeParse::TryParse" action="debug"/>
			<method substring="DateTimeParse::MatchHebrewDigits" action="debug"/>
			<method substring="DateTimeFormatInfo::TryParseHebrewNumber" action="debug"/>
		</debug>

		<features>
			<feature name="globalization" enabled="false" />
			<feature name="sre" enabled="false" />
		</features>
	</martin>
</linker>
