<?xml version="1.0" encoding="utf-8" ?>
<linker>
	<martin>
		<options all-modules="true" analyze-all="true" preprocess="true" report-size="true" main-debug="false" />

		<debug>
			<!-- There is both System.DateTimeParse and System.Globalization.DateTimeParse -->
			<type fullname="System.DateTimeParse" action="none" />
			<type fullname="System.TimeZoneInfo" action="fail" />
			<method substring="TimeSpan::TryParse" action="fail" />
			<type fullname="System.Globalization.DateTimeParse" action="fail" />
			<type fullname="System.Globalization.TimeSpanParse" action="fail" />
			<type fullname="System.Globalization.DateTimeFormatInfo" action="size" />
		</debug>

		<features>
			<feature name="remoting" enabled="false" />
			<feature name="encoding" enabled="false" />
			<feature name="globalization" enabled="false" />
		</features>
	</martin>
</linker>
