<?xml version="1.0" encoding="utf-8" ?>
<linker>
	<martin>
		<options all-modules="true" analyze-all="true" preprocess="true" report-size="true" />

		<debug>
			<type name="SynchronizationAttribute" action="fail" />
			<type fullname="System.Threading.WaitHandle" action="debug" />
		</debug>

		<features>
			<feature name="remoting" enabled="false" />
		</features>
	</martin>
</linker>
