<?xml version="1.0" encoding="utf-8" ?>
<linker>
	<martin>
		<options all-modules="false" analyze-all="true" preprocess="false" />

		<debug>
			<break-on method="ArrayElementsHaveSpace" />
		</debug>

	</martin>
</linker>
