<?xml version="1.0" encoding="utf-8" ?>
<linker>
	<martin>
		<options all-modules="true" analyze-all="true" ignore-resolution-errors="true" preprocess="true" main-debug="false" />

		<type fullname="System.Globalization.GlobalizationSupport" action="preserve" />

		<conditional feature="crypto" enabled="true">
			<type fullname="System.Security.Cryptography.CryptoConfig" action="preserve" />
		</conditional>

		<conditional feature="crypto" enabled="true">
			<namespace name="System.Security.Cryptography">
				<type name="CryptoConfig" action="preserve" />
				<type name="AesCryptoServiceProvider" action="preserve" />
				<type name="DESCryptoServiceProvider" action="preserve" />
				<type name="DSASignatureDescription" action="preserve" />
				<type name="MD5CryptoServiceProvider" action="preserve" />
				<type name="RSACryptoServiceProvider" action="preserve" />
				<type name="SHA1CryptoServiceProvider" action="preserve" />
			</namespace>
		</conditional>

		<features>
			<feature name="globalization" enabled="true" />
			<feature name="security" enabled="true" />
		</features>
	</martin>
</linker>
