<?xml version="1.0" encoding="utf-8" ?>
<linker>
	<martin>
		<options all-modules="true" analyze-all="true" preprocess="true" report-size="false" />

		<conditional feature="remoting" enabled="false">
			<namespace name="System.Runtime.Remoting">
				<type name="SynchronizationAttribute" action="fail" />
				<type name="CADSerializer" action="fail" />
				<type name="RemotingProxy" action="fail" />
				<type name="CrossAppDomainSink" action="fail" />
				<type name="AppDomainLevelActivator" action="fail" />

				<type name="ActivationServices">
					<method name="CreateConstructionCall" action="fail" />
				</type>

				<type name="RemotingServices">
					<!-- this type has some preserve entries -->
					<method name="CreateClientProxyForContextBound" action="fail" />
					<method name="GetOrCreateClientIdentity" action="fail" />
					<method name="GetRemoteObject" action="fail" />
				</type>
			</namespace>
		</conditional>

		<features>
			<feature name="remoting" enabled="false" />
		</features>
	</martin>
</linker>
