<?xml version="1.0" encoding="utf-8" ?>
<linker>
	<martin>
		<options all-modules="true" preprocess="true" report-size="true" analyze-all="true" main-debug="false" />

		<conditional feature="security" enabled="false">
			<type fullname="System.AppDomain">
				<method name="get_DefaultPrincipal" action="throw" />
			</type>
		</conditional>

		<features>
			<feature name="security" enabled="false" />
			<feature name="remoting" enabled="false" />
			<feature name="serialization" enabled="false" />
			<feature name="encoding" enabled="false" />
			<feature name="globalization" enabled="false" />
			<feature name="crypto" enabled="false" />
		</features>
	</martin>
</linker>
