<?xml version="1.0" encoding="utf-8" ?>
<linker-optimizer>

	<options disable-all="true" report-configuration="remoting" report-profile="net_4_x" detailed-size-report="true" check-size="true" compare-with="test-remoting-4-size.xml" size-check-tolerance="5%" />

	<include filename="corlib-api.xml" />
<!--	<include filename="corlib-asserts.xml" /> -->

	<size-check>
		<configuration name="remoting">
			<profile name="net_4_x">
				<assembly name="mscorlib" size="944640" />
			</profile>
			<profile name="wasm">
				<assembly name="mscorlib" size="538624" />
			</profile>
		</configuration>
	</size-check>

	<namespace name="System.Reflection.Emit" action="fail" />

	<type fullname="System.Runtime.Serialization.IObjectReference">
		<method name="GetRealObject" action="fail" />
	</type>

	<features>
		<feature name="remoting" enabled="false" />
		<feature name="collator" enabled="false" />
		<feature name="globalization" enabled="false" />
	</features>
</linker-optimizer>
