<?xml version="1.0" encoding="utf-8" ?>
<linker-optimizer>
	<options all-modules="true" preprocessor="full" report-size="true" analyze-all="true" profile="desktop" />

	<include filename="corlib-api.xml" />

	<size-check profile="desktop">
		<assembly name="test-size-check-collator" size="3584" />
		<assembly name="mscorlib" size="1203200" tolerance="0.01" />
	</size-check>

	<type fullname="Mono.Globalization.Unicode.SimpleCollator" action="fail" />

	<features>
		<feature name="collator" enabled="false" />
	</features>
</linker-optimizer>
