<?xml version="1.0" encoding="utf-8" ?>
<linker-optimizer>
	<options all-modules="true" analyze-all="true" preprocessor="full" report-size="true" />

	<include filename="corlib-api.xml" />
	<include filename="corlib-asserts.xml" />

	<features>
		<feature name="globalization" enabled="false" />
	</features>
</linker-optimizer>
