<?xml version="1.0" encoding="utf-8" ?>
<linker-optimizer>
	<options all-modules="true" preprocessor="full" check-size="true" analyze-all="true" size-check-configuration="reflection-emit" />

	<include filename="corlib-api.xml" />
	<include filename="corlib-asserts.xml" />
	<include filename="corlib-sizes.xml" />

	<features>
		<feature name="reflection-emit" enabled="false" />
	</features>
</linker-optimizer>
