<?xml version="1.0" encoding="utf-8" ?>
<linker>
	<martin>
		<options all-modules="true" analyze-all="true" ignore-resolution-errors="true" preprocess="true" main-debug="false" />

		<conditional feature="crypto" enabled="true">
			<namespace name="System.Security.Cryptography">
				<type name="CryptoConfig" action="preserve" />
				<type name="AesCryptoServiceProvider" action="preserve" />
				<type name="DESCryptoServiceProvider" action="preserve" />
				<type name="DSASignatureDescription" action="preserve" />
				<type name="MD5CryptoServiceProvider" action="preserve" />
				<type name="RSACryptoServiceProvider" action="preserve" />
				<type name="SHA1CryptoServiceProvider" action="preserve" />
			</namespace>
		</conditional>
	</martin>
</linker>
