<?xml version="1.0" encoding="utf-8" ?>
<linker>
	<options all-modules="true" preprocess="true" report-size="true" analyze-all="true" main-debug="false" />

	<conditional feature="security" enabled="false">
		<type fullname="System.AppDomain">
			<method name="get_DefaultPrincipal" action="throw" />
		</type>
	</conditional>

	<features>
		<feature name="security" enabled="false" />
	</features>
</linker>
