<?xml version="1.0" encoding="utf-8" ?>
<linker-optimizer>
	<options all-modules="true" preprocess="true" report-size="true" analyze-all="true" main-debug="false" />

	<features>
		<feature name="remoting" enabled="false" />
	</features>
</linker-optimizer>
