<?xml version="1.0" encoding="utf-8" ?>
<linker-optimizer>

	<options all-modules="true" analyze-all="true" disable-all="true" report-configuration="wasm" report-profile="wasm" report-mode="detailed-methods" check-size="true" />

	<include filename="corlib-api.xml" />
	<include filename="corlib-asserts.xml" />

	<size-check>
		<configuration name="remoting">
			<profile name="net_4_x">
				<assembly name="mscorlib" size="944640" />
			</profile>
			<profile name="wasm">
				<assembly name="mscorlib" size="483328" />
			</profile>
		</configuration>
	</size-check>

	<features>
		<feature name="remoting" enabled="false" />
		<feature name="collator" enabled="false" />
		<feature name="globalization" enabled="false" />
	</features>
</linker-optimizer>
