<?xml version="1.0" encoding="utf-8" ?>
<linker-optimizer>
	<options all-modules="true" preprocessor="full" check-size="true" analyze-all="true" />

	<include filename="corlib-api.xml" />
	<include filename="corlib-asserts.xml" />

	<size-check profile="net_4_x">
		<assembly name="mscorlib" size="1575424" />
	</size-check>
	<size-check profile="testing_aot_full">
		<assembly name="mscorlib" size="1500160" />
	</size-check>
	<size-check profile="wasm">
		<assembly name="mscorlib" size="1088000" />
	</size-check>
</linker-optimizer>
