<?xml version="1.0" encoding="utf-8" ?>
<linker>
	<options all-modules="true" preprocess="true" report-size="true" analyze-all="true" main-debug="false" />
</linker>
