<?xml version="1.0" encoding="utf-8" ?>
<linker-optimizer>
	<options all-modules="true" analyze-all="true" preprocessor="full" report-size="true" />

	<type fullname="System.DateTimeParse" action="size" />
	<type fullname="System.Globalization.DateTimeFormatInfo" action="size" />
	<type fullname="System.Globalization.DateTimeFormatInfoScanner" action="size" />
	<method substring="ProcessHebrewTerminalState" action="fail" />
	<method substring="CreateTokenHashTable" action="none" />
	<method substring="Main" action="none" />

	<features>
		<feature name="remoting" enabled="false" />
		<feature name="encoding" enabled="false" />
		<feature name="collator" enabled="false" />
		<feature name="globalization" enabled="false" />
	</features>
</linker-optimizer>
