<?xml version="1.0" encoding="utf-8" ?>
<linker>
	<martin>
		<options preprocess="false" />

		<method substring="ArrayElementsHaveSpace" action="debug"/>
	</martin>
</linker>
