<?xml version="1.0" encoding="utf-8" ?>
<linker>
	<martin>
		<features>
			<feature name="martin" enabled="false" />
		</features>
	</martin>
</linker>
