<?xml version="1.0" encoding="utf-8" ?>
<linker-optimizer>
	<options preprocess="false" />

	<method substring="ArrayElementsHaveSpace" action="debug"/>
</linker-optimizer>
